Arguments: 
  C:\Program Files\nodejs\node.exe C:\Users\Administrator\AppData\Roaming\npm\node_modules\yarn\bin\yarn.js add express

PATH: 
  C:\Program Files (x86)\NetSarang\Xshell 6\;"D:\Program Files (x86)\JDK8\bin;";C:\windows\system32;C:\windows;C:\windows\System32\Wbem;C:\windows\System32\WindowsPowerShell\v1.0\;C:\windows\System32\OpenSSH\;C:\Program Files (x86)\NVIDIA Corporation\PhysX\Common;C:\Program Files\nodejs\;C:\Program Files\Git\cmd;C:\Program Files\TortoiseSVN\bin;C:\Program Files (x86)\MySQL\MySQL Server 5.7\bin;C:\Users\Administrator\AppData\Local\Microsoft\WindowsApps;C:\Users\Administrator\AppData\Roaming\npm

Yarn version: 
  1.13.0

Node version: 
  10.15.1

Platform: 
  win32 x64

Trace: 
  Error: ENOENT: no such file or directory, copyfile 'C:\Users\Administrator\AppData\Local\Yarn\Cache\v4\npm-is-extglob-2.1.1-a88c02535791f02ed37c76a1b9ea9773c833f8c2\node_modules\is-extglob\index.js' -> 'D:\Node\myNode\node_modules\glob-parent\node_modules\is-extglob\index.js'

npm manifest: 
  {
    "name": "node",
    "version": "0.0.1",
    "author": "曹加海",
    "description": "node工程配置",
    "scripts": {
      "s": "node app.js",
      "b": "gulp"
    },
    "dependencies": {
      "babel-core": "^6.26.0",
      "babel-preset-es2015": "^6.24.1",
      "express": "latest",
      "gulp-imagemin": "^4.0.0",
      "gulp-minify-css": "^1.2.4",
      "gulp-webserver": "^0.9.1",
      "querystring": "^0.2.0"
    },
    "devDependencies": {
      "del": "^3.0.0",
      "gulp": "^3.9.1",
      "gulp-babel": "^7.0.0",
      "gulp-clean": "^0.3.2",
      "gulp-concat": "^2.6.1",
      "gulp-jshint": "^2.0.4",
      "gulp-notify": "^3.0.0",
      "gulp-rename": "^1.2.2",
      "gulp-uglify": "^2.0.0",
      "jshint": "^2.9.5",
      "mysql": "^2.15.0"
    }
  }

yarn manifest: 
  No manifest

Lockfile: 
  No lockfile
